<?xml version="1.0" encoding="UTF-8"?>
<testsuite xmlns:xsi="http://www.w3.org/2001/XMLSchema-instance" xsi:noNamespaceSchemaLocation="https://maven.apache.org/surefire/maven-surefire-plugin/xsd/surefire-test-report-3.0.xsd" version="3.0" name="es.unican.is2.test.vehiculo.TurismoTest" time="0.066" tests="31" errors="0" skipped="0" failures="0">
  <properties>
    <property name="java.specification.version" value="17"/>
    <property name="sun.cpu.isalist" value="amd64"/>
    <property name="sun.jnu.encoding" value="Cp1252"/>
    <property name="java.class.path" value="C:\Users\belmo\Desktop\is2\IS2_2425\Practica4\ImpuestoCirculacionCOMMON\target\test-classes;C:\Users\belmo\Desktop\is2\IS2_2425\Practica4\ImpuestoCirculacionCOMMON\target\classes;C:\Users\belmo\.m2\repository\org\easytesting\fest-swing\1.2.1\fest-swing-1.2.1.jar;C:\Users\belmo\.m2\repository\org\easytesting\fest-assert\1.2\fest-assert-1.2.jar;C:\Users\belmo\.m2\repository\org\easytesting\fest-reflect\1.2\fest-reflect-1.2.jar;C:\Users\belmo\.m2\repository\org\easytesting\fest-util\1.1.3\fest-util-1.1.3.jar;C:\Users\belmo\.m2\repository\net\jcip\jcip-annotations\1.0\jcip-annotations-1.0.jar;C:\Users\belmo\.m2\repository\org\junit\jupiter\junit-jupiter\5.9.2\junit-jupiter-5.9.2.jar;C:\Users\belmo\.m2\repository\org\junit\jupiter\junit-jupiter-api\5.9.2\junit-jupiter-api-5.9.2.jar;C:\Users\belmo\.m2\repository\org\opentest4j\opentest4j\1.2.0\opentest4j-1.2.0.jar;C:\Users\belmo\.m2\repository\org\junit\platform\junit-platform-commons\1.9.2\junit-platform-commons-1.9.2.jar;C:\Users\belmo\.m2\repository\org\apiguardian\apiguardian-api\1.1.2\apiguardian-api-1.1.2.jar;C:\Users\belmo\.m2\repository\org\junit\jupiter\junit-jupiter-params\5.9.2\junit-jupiter-params-5.9.2.jar;C:\Users\belmo\.m2\repository\org\junit\jupiter\junit-jupiter-engine\5.9.2\junit-jupiter-engine-5.9.2.jar;C:\Users\belmo\.m2\repository\org\junit\platform\junit-platform-engine\1.9.2\junit-platform-engine-1.9.2.jar;"/>
    <property name="java.vm.vendor" value="Oracle Corporation"/>
    <property name="sun.arch.data.model" value="64"/>
    <property name="user.variant" value=""/>
    <property name="java.vendor.url" value="https://java.oracle.com/"/>
    <property name="user.timezone" value="Europe/Madrid"/>
    <property name="os.name" value="Windows 10"/>
    <property name="java.vm.specification.version" value="17"/>
    <property name="sun.java.launcher" value="SUN_STANDARD"/>
    <property name="user.country" value="ES"/>
    <property name="sun.boot.library.path" value="C:\Program Files\Java\jdk-17\bin"/>
    <property name="sun.java.command" value="C:\Users\belmo\AppData\Local\Temp\surefire9019743506940886307\surefirebooter-20250313173229422_3.jar C:\Users\belmo\AppData\Local\Temp\surefire9019743506940886307 2025-03-13T17-32-29_264-jvmRun1 surefire-20250313173229422_1tmp surefire_0-20250313173229422_2tmp"/>
    <property name="jdk.debug" value="release"/>
    <property name="surefire.test.class.path" value="C:\Users\belmo\Desktop\is2\IS2_2425\Practica4\ImpuestoCirculacionCOMMON\target\test-classes;C:\Users\belmo\Desktop\is2\IS2_2425\Practica4\ImpuestoCirculacionCOMMON\target\classes;C:\Users\belmo\.m2\repository\org\easytesting\fest-swing\1.2.1\fest-swing-1.2.1.jar;C:\Users\belmo\.m2\repository\org\easytesting\fest-assert\1.2\fest-assert-1.2.jar;C:\Users\belmo\.m2\repository\org\easytesting\fest-reflect\1.2\fest-reflect-1.2.jar;C:\Users\belmo\.m2\repository\org\easytesting\fest-util\1.1.3\fest-util-1.1.3.jar;C:\Users\belmo\.m2\repository\net\jcip\jcip-annotations\1.0\jcip-annotations-1.0.jar;C:\Users\belmo\.m2\repository\org\junit\jupiter\junit-jupiter\5.9.2\junit-jupiter-5.9.2.jar;C:\Users\belmo\.m2\repository\org\junit\jupiter\junit-jupiter-api\5.9.2\junit-jupiter-api-5.9.2.jar;C:\Users\belmo\.m2\repository\org\opentest4j\opentest4j\1.2.0\opentest4j-1.2.0.jar;C:\Users\belmo\.m2\repository\org\junit\platform\junit-platform-commons\1.9.2\junit-platform-commons-1.9.2.jar;C:\Users\belmo\.m2\repository\org\apiguardian\apiguardian-api\1.1.2\apiguardian-api-1.1.2.jar;C:\Users\belmo\.m2\repository\org\junit\jupiter\junit-jupiter-params\5.9.2\junit-jupiter-params-5.9.2.jar;C:\Users\belmo\.m2\repository\org\junit\jupiter\junit-jupiter-engine\5.9.2\junit-jupiter-engine-5.9.2.jar;C:\Users\belmo\.m2\repository\org\junit\platform\junit-platform-engine\1.9.2\junit-platform-engine-1.9.2.jar;"/>
    <property name="sun.cpu.endian" value="little"/>
    <property name="user.home" value="C:\Users\belmo"/>
    <property name="user.language" value="es"/>
    <property name="java.specification.vendor" value="Oracle Corporation"/>
    <property name="java.version.date" value="2024-07-16"/>
    <property name="java.home" value="C:\Program Files\Java\jdk-17"/>
    <property name="file.separator" value="\"/>
    <property name="basedir" value="C:\Users\belmo\Desktop\is2\IS2_2425\Practica4\ImpuestoCirculacionCOMMON"/>
    <property name="java.vm.compressedOopsMode" value="Zero based"/>
    <property name="line.separator" value="&#10;"/>
    <property name="java.vm.specification.vendor" value="Oracle Corporation"/>
    <property name="java.specification.name" value="Java Platform API Specification"/>
    <property name="surefire.real.class.path" value="C:\Users\belmo\AppData\Local\Temp\surefire9019743506940886307\surefirebooter-20250313173229422_3.jar"/>
    <property name="user.script" value=""/>
    <property name="sun.management.compiler" value="HotSpot 64-Bit Tiered Compilers"/>
    <property name="java.runtime.version" value="17.0.12+8-LTS-286"/>
    <property name="user.name" value="belmo"/>
    <property name="path.separator" value=";"/>
    <property name="os.version" value="10.0"/>
    <property name="java.runtime.name" value="Java(TM) SE Runtime Environment"/>
    <property name="file.encoding" value="Cp1252"/>
    <property name="java.vm.name" value="Java HotSpot(TM) 64-Bit Server VM"/>
    <property name="localRepository" value="C:\Users\belmo\.m2\repository"/>
    <property name="java.vendor.url.bug" value="https://bugreport.java.com/bugreport/"/>
    <property name="java.io.tmpdir" value="C:\Users\belmo\AppData\Local\Temp\"/>
    <property name="java.version" value="17.0.12"/>
    <property name="user.dir" value="C:\Users\belmo\Desktop\is2\IS2_2425\Practica4\ImpuestoCirculacionCOMMON"/>
    <property name="os.arch" value="amd64"/>
    <property name="java.vm.specification.name" value="Java Virtual Machine Specification"/>
    <property name="sun.os.patch.level" value=""/>
    <property name="native.encoding" value="Cp1252"/>
    <property name="java.library.path" value="C:\Program Files\Java\jdk-17\bin;C:\WINDOWS\Sun\Java\bin;C:\WINDOWS\system32;C:\WINDOWS;C:\Program Files\Common Files\Oracle\Java\javapath;C:\WINDOWS\system32;C:\WINDOWS;C:\WINDOWS\System32\Wbem;C:\WINDOWS\System32\WindowsPowerShell\v1.0\;C:\WINDOWS\System32\OpenSSH\;C:\Program Files\NVIDIA Corporation\NVIDIA NvDLISR;C:\Program Files\Git\cmd;C:\Program Files\nodejs\;C:\Program Files\dotnet\;C:\Program Files (x86)\NVIDIA Corporation\PhysX\Common;C:\Program Files\Java\jdk-17\bin;C:\Users\belmo\Desktop\Proyecto Millonario\apache-maven-3.9.9\bin;C:\Users\belmo\AppData\Local\Microsoft\WindowsApps;C:\Users\belmo\AppData\Local\Programs\Microsoft VS Code\bin;C:\Users\belmo\AppData\Roaming\npm;C:\Program Files\JetBrains\IntelliJ IDEA 2024.3.3\bin;;."/>
    <property name="java.vm.info" value="mixed mode, sharing"/>
    <property name="java.vendor" value="Oracle Corporation"/>
    <property name="java.vm.version" value="17.0.12+8-LTS-286"/>
    <property name="sun.io.unicode.encoding" value="UnicodeLittle"/>
    <property name="java.class.version" value="61.0"/>
  </properties>
  <testcase name="testTurismo10" classname="es.unican.is2.test.vehiculo.TurismoTest" time="0.024"/>
  <testcase name="testTurismo11" classname="es.unican.is2.test.vehiculo.TurismoTest" time="0.0"/>
  <testcase name="testTurismo12" classname="es.unican.is2.test.vehiculo.TurismoTest" time="0.0"/>
  <testcase name="testTurismo13" classname="es.unican.is2.test.vehiculo.TurismoTest" time="0.0"/>
  <testcase name="testTurismo14" classname="es.unican.is2.test.vehiculo.TurismoTest" time="0.001"/>
  <testcase name="testTurismo15" classname="es.unican.is2.test.vehiculo.TurismoTest" time="0.001"/>
  <testcase name="testTurismo16" classname="es.unican.is2.test.vehiculo.TurismoTest" time="0.001"/>
  <testcase name="testTurismo17" classname="es.unican.is2.test.vehiculo.TurismoTest" time="0.001"/>
  <testcase name="testTurismo18" classname="es.unican.is2.test.vehiculo.TurismoTest" time="0.0"/>
  <testcase name="testTurismo19" classname="es.unican.is2.test.vehiculo.TurismoTest" time="0.0"/>
  <testcase name="testTurismo20" classname="es.unican.is2.test.vehiculo.TurismoTest" time="0.001"/>
  <testcase name="testTurismo21" classname="es.unican.is2.test.vehiculo.TurismoTest" time="0.0"/>
  <testcase name="testTurismo22" classname="es.unican.is2.test.vehiculo.TurismoTest" time="0.0"/>
  <testcase name="testTurismo23" classname="es.unican.is2.test.vehiculo.TurismoTest" time="0.001"/>
  <testcase name="testTurismo24" classname="es.unican.is2.test.vehiculo.TurismoTest" time="0.0"/>
  <testcase name="testTurismo25" classname="es.unican.is2.test.vehiculo.TurismoTest" time="0.0"/>
  <testcase name="testTurismo26" classname="es.unican.is2.test.vehiculo.TurismoTest" time="0.0"/>
  <testcase name="testTurismo27" classname="es.unican.is2.test.vehiculo.TurismoTest" time="0.004"/>
  <testcase name="testTurismo28" classname="es.unican.is2.test.vehiculo.TurismoTest" time="0.0"/>
  <testcase name="testTurismo44" classname="es.unican.is2.test.vehiculo.TurismoTest" time="0.001"/>
  <testcase name="testTurismo46" classname="es.unican.is2.test.vehiculo.TurismoTest" time="0.0"/>
  <testcase name="testTurismo1" classname="es.unican.is2.test.vehiculo.TurismoTest" time="0.001"/>
  <testcase name="testTurismo2" classname="es.unican.is2.test.vehiculo.TurismoTest" time="0.0"/>
  <testcase name="testTurismo3" classname="es.unican.is2.test.vehiculo.TurismoTest" time="0.0"/>
  <testcase name="testTurismo4" classname="es.unican.is2.test.vehiculo.TurismoTest" time="0.0"/>
  <testcase name="testTurismo5" classname="es.unican.is2.test.vehiculo.TurismoTest" time="0.0"/>
  <testcase name="testTurismo6" classname="es.unican.is2.test.vehiculo.TurismoTest" time="0.0"/>
  <testcase name="testTurismo7" classname="es.unican.is2.test.vehiculo.TurismoTest" time="0.0"/>
  <testcase name="testTurismo8" classname="es.unican.is2.test.vehiculo.TurismoTest" time="0.001"/>
  <testcase name="testTurismo9" classname="es.unican.is2.test.vehiculo.TurismoTest" time="0.0"/>
  <testcase name="testTipoMotorNoValido" classname="es.unican.is2.test.vehiculo.TurismoTest" time="0.001"/>
</testsuite>